d:\7 семак\папилина\msgserver\msgclient\x64\debug\msgclient.pch
d:\7 семак\папилина\msgserver\msgclient\x64\debug\vc142.pdb
d:\7 семак\папилина\msgserver\msgclient\x64\debug\vc142.idb
d:\7 семак\папилина\msgserver\msgclient\x64\debug\pch.obj
d:\7 семак\папилина\msgserver\msgclient\x64\debug\msgclient.obj
d:\7 семак\папилина\msgserver\x64\debug\msgclient.ilk
d:\7 семак\папилина\msgserver\x64\debug\msgclient.exe
d:\7 семак\папилина\msgserver\x64\debug\msgclient.pdb
d:\7 семак\папилина\msgserver\msgclient\x64\debug\msgclient.res
d:\msgserver\msgclient\x64\debug\msgclient.obj
d:\msgserver\msgclient\x64\debug\pch.obj
d:\msgserver\msgclient\x64\debug\msgclient.res
d:\msgserver\msgclient\x64\debug\msgclient.pch
d:\msgserver\msgclient\x64\debug\vc142.idb
d:\msgserver\msgclient\x64\debug\vc142.pdb
d:\msgserver\x64\debug\msgclient.pdb
d:\msgserver\x64\debug\msgclient.exe
d:\msgserver\x64\debug\msgclient.ilk
d:\msgserver\msgclient\x64\debug\msgclient.tlog\cl.command.1.tlog
d:\msgserver\msgclient\x64\debug\msgclient.tlog\cl.read.1.tlog
d:\msgserver\msgclient\x64\debug\msgclient.tlog\cl.write.1.tlog
d:\msgserver\msgclient\x64\debug\msgclient.tlog\link.command.1.tlog
d:\msgserver\msgclient\x64\debug\msgclient.tlog\link.read.1.tlog
d:\msgserver\msgclient\x64\debug\msgclient.tlog\link.write.1.tlog
d:\msgserver\msgclient\x64\debug\msgclient.tlog\rc.command.1.tlog
d:\msgserver\msgclient\x64\debug\msgclient.tlog\rc.read.1.tlog
d:\msgserver\msgclient\x64\debug\msgclient.tlog\rc.write.1.tlog
