d:\7 семак\папилина\msgserver\msgserver\x64\debug\msgserver.pch
d:\7 семак\папилина\msgserver\msgserver\x64\debug\vc142.pdb
d:\7 семак\папилина\msgserver\msgserver\x64\debug\vc142.idb
d:\7 семак\папилина\msgserver\msgserver\x64\debug\pch.obj
d:\7 семак\папилина\msgserver\msgserver\x64\debug\msgserver.obj
d:\msgserver\msgserver\x64\debug\msgserver.pch
d:\msgserver\msgserver\x64\debug\vc142.pdb
d:\msgserver\msgserver\x64\debug\vc142.idb
d:\msgserver\msgserver\x64\debug\pch.obj
d:\msgserver\msgserver\x64\debug\msgserver.obj
d:\msgserver\msgserver\x64\debug\msg.obj
d:\7 семак\папилина\msgserver\x64\debug\msgserver.exe
d:\7 семак\папилина\msgserver\x64\debug\msgserver.ilk
d:\7 семак\папилина\msgserver\x64\debug\msgserver.pdb
d:\msgserver\x64\debug\msgserver.ilk
d:\msgserver\x64\debug\msgserver.exe
d:\msgserver\x64\debug\msgserver.pdb
d:\7 семак\папилина\msgserver\msgserver\x64\debug\msgserver.res
d:\msgserver\msgserver\x64\debug\msgserver.res
d:\msgserver\msgserver\x64\debug\msgserver.tlog\cl.command.1.tlog
d:\msgserver\msgserver\x64\debug\msgserver.tlog\cl.read.1.tlog
d:\msgserver\msgserver\x64\debug\msgserver.tlog\cl.write.1.tlog
d:\msgserver\msgserver\x64\debug\msgserver.tlog\link.command.1.tlog
d:\msgserver\msgserver\x64\debug\msgserver.tlog\link.read.1.tlog
d:\msgserver\msgserver\x64\debug\msgserver.tlog\link.write.1.tlog
d:\msgserver\msgserver\x64\debug\msgserver.tlog\rc.command.1.tlog
d:\msgserver\msgserver\x64\debug\msgserver.tlog\rc.read.1.tlog
d:\msgserver\msgserver\x64\debug\msgserver.tlog\rc.write.1.tlog
